mstest/app/build/intermediates/manifest_merge_blame_file/debug/manifest-merger-blame-debug-report.txt
1<?xml version="1.0" encoding="utf-8"?>
2<manifest xmlns:android="http://schemas.android.com/apk/res/android"
3    package="com.codermuffin.mstest"
4    android:versionCode="1"
5    android:versionName="1.0" >
6
7    <uses-sdk
8        android:minSdkVersion="22"
8-->src/main/AndroidManifest.xml
9        android:targetSdkVersion="33" />
9-->src/main/AndroidManifest.xml
10
11    <application
11-->src/main/AndroidManifest.xml:3:5-16:19
12        android:allowBackup="true"
12-->src/main/AndroidManifest.xml:4:9-35
13        android:appComponentFactory="androidx.core.app.CoreComponentFactory"
13-->[androidx.core:core:1.8.0] AndroidManifest.xml:24:18-86
14        android:debuggable="true"
15        android:icon="@mipmap/ic_launcher"
15-->src/main/AndroidManifest.xml:5:9-43
16        android:label="@string/app_name"
16-->src/main/AndroidManifest.xml:6:9-41
17        android:roundIcon="@mipmap/ic_launcher_round"
17-->src/main/AndroidManifest.xml:7:9-54
18        android:supportsRtl="true"
18-->src/main/AndroidManifest.xml:8:9-35
19        android:theme="@style/Theme.AppTheme" >
19-->src/main/AndroidManifest.xml:9:9-46
20        <activity
20-->src/main/AndroidManifest.xml:10:9-15:20
21            android:name="com.codermuffin.mstest.MainActivity"
21-->src/main/AndroidManifest.xml:10:19-47
22            android:exported="true" > <!-- Replace with your main activity class -->
22-->src/main/AndroidManifest.xml:10:48-71
23            <intent-filter>
23-->src/main/AndroidManifest.xml:11:13-14:29
24                <action android:name="android.intent.action.MAIN" />
24-->src/main/AndroidManifest.xml:12:17-69
24-->src/main/AndroidManifest.xml:12:25-66
25
26                <category android:name="android.intent.category.LAUNCHER" />
26-->src/main/AndroidManifest.xml:13:17-77
26-->src/main/AndroidManifest.xml:13:27-74
27            </intent-filter>
28        </activity>
29        <activity
29-->[androidx.compose.ui:ui-tooling:1.3.0] AndroidManifest.xml:23:9-25:39
30            android:name="androidx.compose.ui.tooling.PreviewActivity"
30-->[androidx.compose.ui:ui-tooling:1.3.0] AndroidManifest.xml:24:13-71
31            android:exported="true" />
31-->[androidx.compose.ui:ui-tooling:1.3.0] AndroidManifest.xml:25:13-36
32        <activity
32-->[androidx.compose.ui:ui-test-manifest:1.3.0] AndroidManifest.xml:23:9-25:39
33            android:name="androidx.activity.ComponentActivity"
33-->[androidx.compose.ui:ui-test-manifest:1.3.0] AndroidManifest.xml:24:13-63
34            android:exported="true" />
34-->[androidx.compose.ui:ui-test-manifest:1.3.0] AndroidManifest.xml:25:13-36
35
36        <provider
36-->[androidx.profileinstaller:profileinstaller:1.2.0] AndroidManifest.xml:25:9-33:20
37            android:name="androidx.startup.InitializationProvider"
37-->[androidx.profileinstaller:profileinstaller:1.2.0] AndroidManifest.xml:26:13-67
38            android:authorities="com.codermuffin.mstest.androidx-startup"
38-->[androidx.profileinstaller:profileinstaller:1.2.0] AndroidManifest.xml:27:13-68
39            android:exported="false" >
39-->[androidx.profileinstaller:profileinstaller:1.2.0] AndroidManifest.xml:28:13-37
40            <meta-data
40-->[androidx.profileinstaller:profileinstaller:1.2.0] AndroidManifest.xml:30:13-32:52
41                android:name="androidx.profileinstaller.ProfileInstallerInitializer"
41-->[androidx.profileinstaller:profileinstaller:1.2.0] AndroidManifest.xml:31:17-85
42                android:value="androidx.startup" />
42-->[androidx.profileinstaller:profileinstaller:1.2.0] AndroidManifest.xml:32:17-49
43        </provider>
44
45        <receiver
45-->[androidx.profileinstaller:profileinstaller:1.2.0] AndroidManifest.xml:35:9-47:20
46            android:name="androidx.profileinstaller.ProfileInstallReceiver"
46-->[androidx.profileinstaller:profileinstaller:1.2.0] AndroidManifest.xml:36:13-76
47            android:directBootAware="false"
47-->[androidx.profileinstaller:profileinstaller:1.2.0] AndroidManifest.xml:37:13-44
48            android:enabled="true"
48-->[androidx.profileinstaller:profileinstaller:1.2.0] AndroidManifest.xml:38:13-35
49            android:exported="true"
49-->[androidx.profileinstaller:profileinstaller:1.2.0] AndroidManifest.xml:39:13-36
50            android:permission="android.permission.DUMP" >
50-->[androidx.profileinstaller:profileinstaller:1.2.0] AndroidManifest.xml:40:13-57
51            <intent-filter>
51-->[androidx.profileinstaller:profileinstaller:1.2.0] AndroidManifest.xml:41:13-43:29
52                <action android:name="androidx.profileinstaller.action.INSTALL_PROFILE" />
52-->[androidx.profileinstaller:profileinstaller:1.2.0] AndroidManifest.xml:42:17-91
52-->[androidx.profileinstaller:profileinstaller:1.2.0] AndroidManifest.xml:42:25-88
53            </intent-filter>
54            <intent-filter>
54-->[androidx.profileinstaller:profileinstaller:1.2.0] AndroidManifest.xml:44:13-46:29
55                <action android:name="androidx.profileinstaller.action.SKIP_FILE" />
55-->[androidx.profileinstaller:profileinstaller:1.2.0] AndroidManifest.xml:45:17-85
55-->[androidx.profileinstaller:profileinstaller:1.2.0] AndroidManifest.xml:45:25-82
56            </intent-filter>
57        </receiver>
58    </application>
59
60</manifest>